<?xml version="1.0" encoding="UTF-8"?>
<testng-results skipped="0" failed="0" ignored="0" total="0" passed="0">
  <reporter-output>
  </reporter-output>
  <suite name="Default suite" duration-ms="336" started-at="2022-05-05T18:30:37 IST" finished-at="2022-05-05T18:30:37 IST">
    <groups>
      <group name="cucumber">
        <method signature="AbstractTestNGCucumberTests.runScenario(io.cucumber.testng.PickleWrapper,io.cucumber.testng.FeatureWrapper)[pri:0, instance:org.testRunner.TestRunner@7f416310]" name="runScenario" class="io.cucumber.testng.AbstractTestNGCucumberTests"/>
      </group> <!-- cucumber -->
    </groups>
    <test name="Default test" duration-ms="336" started-at="2022-05-05T18:30:37 IST" finished-at="2022-05-05T18:30:37 IST">
      <class name="org.testRunner.TestRunner">
        <test-method status="PASS" signature="setUpClass(org.testng.ITestContext)[pri:0, instance:org.testRunner.TestRunner@7f416310]" name="setUpClass" is-config="true" duration-ms="267" started-at="2022-05-05T18:30:37 IST" finished-at="2022-05-05T18:30:37 IST">
          <params>
            <param index="0">
              <value>
                <![CDATA[org.testng.TestRunner@2925bf5b]]>
              </value>
            </param>
          </params>
          <reporter-output>
          </reporter-output>
        </test-method> <!-- setUpClass -->
        <test-method status="PASS" signature="tearDownClass()[pri:0, instance:org.testRunner.TestRunner@7f416310]" name="tearDownClass" is-config="true" duration-ms="13" started-at="2022-05-05T18:30:37 IST" finished-at="2022-05-05T18:30:37 IST">
          <reporter-output>
          </reporter-output>
        </test-method> <!-- tearDownClass -->
      </class> <!-- org.testRunner.TestRunner -->
    </test> <!-- Default test -->
  </suite> <!-- Default suite -->
</testng-results>
